[    0.000000] Linux version 4.15.0-212-generic (buildd@lcy02-amd64-083) (gcc version 7.5.0 (Ubuntu 7.5.0-3ubuntu1~18.04)) #223-Ubuntu SMP Tue May 23 13:09:22 UTC 2023 (Ubuntu 4.15.0-212.223-generic 4.15.18)
[    0.000000] Command line: BOOT_IMAGE=/boot/vmlinuz-4.15.0-212-generic root=LABEL=cloudimg-rootfs ro console=tty1 console=ttyS0
[    0.000000] KERNEL supported cpus:
[    0.000000]   Intel GenuineIntel
[    0.000000]   AMD AuthenticAMD
[    0.000000]   Centaur CentaurHauls
[    0.000000] x86/fpu: Supporting XSAVE feature 0x001: 'x87 floating point registers'
[    0.000000] x86/fpu: Supporting XSAVE feature 0x002: 'SSE registers'
[    0.000000] x86/fpu: Supporting XSAVE feature 0x004: 'AVX registers'
[    0.000000] x86/fpu: xstate_offset[2]:  576, xstate_sizes[2]:  256
[    0.000000] x86/fpu: Enabled xstate features 0x7, context size is 832 bytes, using 'standard' format.
[    0.000000] e820: BIOS-provided physical RAM map:
[    0.000000] BIOS-e820: [mem 0x0000000000000000-0x000000000009fbff] usable
[    0.000000] BIOS-e820: [mem 0x000000000009fc00-0x000000000009ffff] reserved
[    0.000000] BIOS-e820: [mem 0x00000000000f0000-0x00000000000fffff] reserved
[    0.000000] BIOS-e820: [mem 0x0000000000100000-0x000000007ffeffff] usable
[    0.000000] BIOS-e820: [mem 0x000000007fff0000-0x000000007fffffff] ACPI data
[    0.000000] BIOS-e820: [mem 0x00000000fec00000-0x00000000fec00fff] reserved
[    0.000000] BIOS-e820: [mem 0x00000000fee00000-0x00000000fee00fff] reserved
[    0.000000] BIOS-e820: [mem 0x00000000fffc0000-0x00000000ffffffff] reserved
[    0.000000] NX (Execute Disable) protection: active
[    0.000000] SMBIOS 2.5 present.
[    0.000000] DMI: innotek GmbH VirtualBox/VirtualBox, BIOS VirtualBox 12/01/2006
[    0.000000] Hypervisor detected: KVM
[    0.000000] e820: last_pfn = 0x7fff0 max_arch_pfn = 0x400000000
[    0.000000] MTRR: Disabled
[    0.000000] x86/PAT: MTRRs disabled, skipping PAT initialization too.
[    0.000000] CPU MTRRs all blank - virtualized system.
[    0.000000] x86/PAT: Configuration [0-7]: WB  WT  UC- UC  WB  WT  UC- UC  
[    0.000000] found SMP MP-table at [mem 0x0009fff0-0x0009ffff]
[    0.000000] Scanning 1 areas for low memory corruption
[    0.000000] RAMDISK: [mem 0x359cb000-0x36cdcfff]
[    0.000000] ACPI: Early table checksum verification disabled
[    0.000000] ACPI: RSDP 0x00000000000E0000 000024 (v02 VBOX  )
[    0.000000] ACPI: XSDT 0x000000007FFF0030 00003C (v01 VBOX   VBOXXSDT 00000001 ASL  00000061)
[    0.000000] ACPI: FACP 0x000000007FFF00F0 0000F4 (v04 VBOX   VBOXFACP 00000001 ASL  00000061)
[    0.000000] ACPI: DSDT 0x000000007FFF0610 002353 (v02 VBOX   VBOXBIOS 00000002 INTL 20241212)
[    0.000000] ACPI: FACS 0x000000007FFF0200 000040
[    0.000000] ACPI: FACS 0x000000007FFF0200 000040
[    0.000000] ACPI: APIC 0x000000007FFF0240 00005C (v02 VBOX   VBOXAPIC 00000001 ASL  00000061)
[    0.000000] ACPI: SSDT 0x000000007FFF02A0 00036C (v01 VBOX   VBOXCPUT 00000002 INTL 20241212)
[    0.000000] ACPI: Reserving FACP table memory at [mem 0x7fff00f0-0x7fff01e3]
[    0.000000] ACPI: Reserving DSDT table memory at [mem 0x7fff0610-0x7fff2962]
[    0.000000] ACPI: Reserving FACS table memory at [mem 0x7fff0200-0x7fff023f]
[    0.000000] ACPI: Reserving FACS table memory at [mem 0x7fff0200-0x7fff023f]
[    0.000000] ACPI: Reserving APIC table memory at [mem 0x7fff0240-0x7fff029b]
[    0.000000] ACPI: Reserving SSDT table memory at [mem 0x7fff02a0-0x7fff060b]
[    0.000000] No NUMA configuration found
[    0.000000] Faking a node at [mem 0x0000000000000000-0x000000007ffeffff]
[    0.000000] NODE_DATA(0) allocated [mem 0x7ffc5000-0x7ffeffff]
[    0.000000] kvm-clock: cpu 0, msr 0:7ff44001, primary cpu clock
[    0.000000] kvm-clock: Using msrs 4b564d01 and 4b564d00
[    0.000000] kvm-clock: using sched offset of 2883402543 cycles
[    0.000000] clocksource: kvm-clock: mask: 0xffffffffffffffff max_cycles: 0x1cd42e4dffb, max_idle_ns: 881590591483 ns
[    0.000000] Zone ranges:
[    0.000000]   DMA      [mem 0x0000000000001000-0x0000000000ffffff]
[    0.000000]   DMA32    [mem 0x0000000001000000-0x000000007ffeffff]
[    0.000000]   Normal   empty
[    0.000000]   Device   empty
[    0.000000] Movable zone start for each node
[    0.000000] Early memory node ranges
[    0.000000]   node   0: [mem 0x0000000000001000-0x000000000009efff]
[    0.000000]   node   0: [mem 0x0000000000100000-0x000000007ffeffff]
[    0.000000] Reserved but unavailable: 104 pages
[    0.000000] Initmem setup node 0 [mem 0x0000000000001000-0x000000007ffeffff]
[    0.000000] ACPI: PM-Timer IO Port: 0x4008
[    0.000000] IOAPIC[0]: apic_id 2, version 32, address 0xfec00000, GSI 0-23
[    0.000000] ACPI: INT_SRC_OVR (bus 0 bus_irq 0 global_irq 2 dfl dfl)
[    0.000000] ACPI: INT_SRC_OVR (bus 0 bus_irq 9 global_irq 9 low level)
[    0.000000] Using ACPI (MADT) for SMP configuration information
[    0.000000] smpboot: Allowing 2 CPUs, 0 hotplug CPUs
[    0.000000] PM: Registered nosave memory: [mem 0x00000000-0x00000fff]
[    0.000000] PM: Registered nosave memory: [mem 0x0009f000-0x0009ffff]
[    0.000000] PM: Registered nosave memory: [mem 0x000a0000-0x000effff]
[    0.000000] PM: Registered nosave memory: [mem 0x000f0000-0x000fffff]
[    0.000000] e820: [mem 0x80000000-0xfebfffff] available for PCI devices
[    0.000000] Booting paravirtualized kernel on KVM
[    0.000000] clocksource: refined-jiffies: mask: 0xffffffff max_cycles: 0xffffffff, max_idle_ns: 7645519600211568 ns
[    0.000000] setup_percpu: NR_CPUS:8192 nr_cpumask_bits:2 nr_cpu_ids:2 nr_node_ids:1
[    0.000000] percpu: Embedded 50 pages/cpu s167936 r8192 d28672 u1048576
[    0.000000] PV qspinlock hash table entries: 256 (order: 0, 4096 bytes)
[    0.000000] Built 1 zonelists, mobility grouping on.  Total pages: 515961
[    0.000000] Policy zone: DMA32
[    0.000000] Kernel command line: BOOT_IMAGE=/boot/vmlinuz-4.15.0-212-generic root=LABEL=cloudimg-rootfs ro console=tty1 console=ttyS0
[    0.000000] Memory: 2014836K/2096696K available (12300K kernel code, 2477K rwdata, 4324K rodata, 2480K init, 2720K bss, 81860K reserved, 0K cma-reserved)
[    0.000000] SLUB: HWalign=64, Order=0-3, MinObjects=0, CPUs=2, Nodes=1
[    0.000000] Kernel/User page tables isolation: enabled
[    0.000000] ftrace: allocating 39508 entries in 155 pages
[    0.004000] Hierarchical RCU implementation.
[    0.004000] 	RCU restricting CPUs from NR_CPUS=8192 to nr_cpu_ids=2.
[    0.004000] 	Tasks RCU enabled.
[    0.004000] RCU: Adjusting geometry for rcu_fanout_leaf=16, nr_cpu_ids=2
[    0.004000] NR_IRQS: 524544, nr_irqs: 440, preallocated irqs: 16
[    0.004000] random: crng init done
[    0.004000] Console: colour VGA+ 80x25
[    0.004000] console [tty1] enabled
[    0.004000] console [ttyS0] enabled
[    0.004000] ACPI: Core revision 20170831
[    0.004000] ACPI: 2 ACPI AML tables successfully acquired and loaded
[    0.004000] APIC: Switch to symmetric I/O mode setup
[    0.004000] x2apic enabled
[    0.004000] Switched APIC routing to physical x2apic.
[    0.004000] ..TIMER: vector=0x30 apic1=0 pin1=2 apic2=-1 pin2=-1
[    0.004000] tsc: Detected 3609.600 MHz processor
[    0.004000] Calibrating delay loop (skipped) preset value.. 7219.20 BogoMIPS (lpj=14438400)
[    0.004000] pid_max: default: 32768 minimum: 301
[    0.004000] Security Framework initialized
[    0.004000] Yama: becoming mindful.
[    0.004000] AppArmor: AppArmor initialized
[    0.004000] Dentry cache hash table entries: 262144 (order: 9, 2097152 bytes)
[    0.004000] Inode-cache hash table entries: 131072 (order: 8, 1048576 bytes)
[    0.004000] Mount-cache hash table entries: 4096 (order: 3, 32768 bytes)
[    0.004000] Mountpoint-cache hash table entries: 4096 (order: 3, 32768 bytes)
[    0.004000] Last level iTLB entries: 4KB 0, 2MB 0, 4MB 0
[    0.004000] Last level dTLB entries: 4KB 0, 2MB 0, 4MB 0, 1GB 0
[    0.004000] Spectre V1 : Mitigation: usercopy/swapgs barriers and __user pointer sanitization
[    0.004000] Spectre V2 : Mitigation: Retpolines
[    0.004000] Spectre V2 : Spectre v2 / SpectreRSB mitigation: Filling RSB on context switch
[    0.004000] Spectre V2 : Spectre v2 / SpectreRSB : Filling RSB on VMEXIT
[    0.004000] Speculative Store Bypass: Vulnerable
[    0.004000] MDS: Mitigation: Clear CPU buffers
[    0.004000] Freeing SMP alternatives memory: 36K
[    0.126703] APIC calibration not consistent with PM-Timer: 101ms instead of 100ms
[    0.127689] APIC delta adjusted to PM-Timer: 6327254 (6420072)
[    0.128030] smpboot: CPU0: 12th Gen Intel(R) Core(TM) i7-12700K (family: 0x6, model: 0x97, stepping: 0x2)
[    0.129180] Performance Events: unsupported p6 CPU model 151 no PMU driver, software events only.
[    0.130379] Hierarchical SRCU implementation.
[    0.131151] NMI watchdog: Perf event create on CPU 0 failed with -2
[    0.131893] NMI watchdog: Perf NMI watchdog permanently disabled
[    0.132022] smp: Bringing up secondary CPUs ...
[    0.132539] x86: Booting SMP configuration:
[    0.133036] .... node  #0, CPUs:      #1
[    0.004000] kvm-clock: cpu 1, msr 0:7ff44041, secondary cpu clock
[    0.140018] smp: Brought up 1 node, 2 CPUs
[    0.140488] smpboot: Max logical packages: 1
[    0.141001] smpboot: Total of 2 processors activated (14438.40 BogoMIPS)
[    0.141783] devtmpfs: initialized
[    0.141783] x86/mm: Memory block size: 128MB
[    0.144088] evm: security.selinux
[    0.144408] evm: security.SMACK64
[    0.144757] evm: security.SMACK64EXEC
[    0.145171] evm: security.SMACK64TRANSMUTE
[    0.145612] evm: security.SMACK64MMAP
[    0.146003] evm: security.apparmor
[    0.146376] evm: security.ima
[    0.146711] evm: security.capability
[    0.147151] clocksource: jiffies: mask: 0xffffffff max_cycles: 0xffffffff, max_idle_ns: 7645041785100000 ns
[    0.148003] futex hash table entries: 512 (order: 3, 32768 bytes)
[    0.148829] pinctrl core: initialized pinctrl subsystem
[    0.149596] RTC time: 21:01:39, date: 05/25/25
[    0.150310] NET: Registered protocol family 16
[    0.150849] audit: initializing netlink subsys (disabled)
[    0.152014] audit: type=2000 audit(1748206903.174:1): state=initialized audit_enabled=0 res=1
[    0.152053] cpuidle: using governor ladder
[    0.152656] cpuidle: using governor menu
[    0.153194] ACPI: bus type PCI registered
[    0.156003] acpiphp: ACPI Hot Plug PCI Controller Driver version: 0.5
[    0.156856] PCI: Using configuration type 1 for base access
[    0.157465] HugeTLB registered 2.00 MiB page size, pre-allocated 0 pages
[    0.160032] ACPI: Added _OSI(Module Device)
[    0.160536] ACPI: Added _OSI(Processor Device)
[    0.161066] ACPI: Added _OSI(3.0 _SCP Extensions)
[    0.161595] ACPI: Added _OSI(Processor Aggregator Device)
[    0.162199] ACPI: Added _OSI(Linux-Dell-Video)
[    0.162701] ACPI: Added _OSI(Linux-Lenovo-NV-HDMI-Audio)
[    0.164002] ACPI: Added _OSI(Linux-HPI-Hybrid-Graphics)
[    0.164745] ACPI: Executed 1 blocks of module-level executable AML code
[    0.166937] ACPI: Interpreter enabled
[    0.167423] ACPI: (supports S0 S5)
[    0.168001] ACPI: Using IOAPIC for interrupt routing
[    0.168670] PCI: Using host bridge windows from ACPI; if necessary, use "pci=nocrs" and report a bug
[    0.170304] ACPI: Enabled 2 GPEs in block 00 to 07
[    0.173474] ACPI: PCI Root Bridge [PCI0] (domain 0000 [bus 00-ff])
[    0.174148] acpi PNP0A03:00: _OSC: OS supports [ASPM ClockPM Segments MSI]
[    0.175110] acpi PNP0A03:00: _OSC: not requesting OS control; OS requires [ExtendedConfig ASPM ClockPM MSI]
[    0.176004] acpi PNP0A03:00: fail to add MMCONFIG information, can't access extended PCI configuration space under this bridge.
[    0.177825] PCI host bridge to bus 0000:00
[    0.178373] pci_bus 0000:00: root bus resource [io  0x0000-0x0cf7 window]
[    0.179142] pci_bus 0000:00: root bus resource [io  0x0d00-0xffff window]
[    0.180001] pci_bus 0000:00: root bus resource [mem 0x000a0000-0x000bffff window]
[    0.180882] pci_bus 0000:00: root bus resource [mem 0x80000000-0xfdffffff window]
[    0.181754] pci_bus 0000:00: root bus resource [bus 00-ff]
[    0.184220] pci 0000:00:01.1: legacy IDE quirk: reg 0x10: [io  0x01f0-0x01f7]
[    0.185019] pci 0000:00:01.1: legacy IDE quirk: reg 0x14: [io  0x03f6]
[    0.185758] pci 0000:00:01.1: legacy IDE quirk: reg 0x18: [io  0x0170-0x0177]
[    0.186554] pci 0000:00:01.1: legacy IDE quirk: reg 0x1c: [io  0x0376]
[    0.206555] pci 0000:00:07.0: quirk: [io  0x4000-0x403f] claimed by PIIX4 ACPI
[    0.208006] pci 0000:00:07.0: quirk: [io  0x4100-0x410f] claimed by PIIX4 SMB
[    0.220753] ACPI: PCI Interrupt Link [LNKA] (IRQs 5 9 10 *11)
[    0.221618] ACPI: PCI Interrupt Link [LNKB] (IRQs 5 9 *10 11)
[    0.222404] ACPI: PCI Interrupt Link [LNKC] (IRQs 5 *9 10 11)
[    0.223164] ACPI: PCI Interrupt Link [LNKD] (IRQs 5 9 10 *11)
[    0.224000] SCSI subsystem initialized
[    0.224022] pci 0000:00:02.0: vgaarb: setting as boot VGA device
[    0.224800] pci 0000:00:02.0: vgaarb: VGA device added: decodes=io+mem,owns=io+mem,locks=none
[    0.225912] pci 0000:00:02.0: vgaarb: bridge control possible
[    0.226712] vgaarb: loaded
[    0.227085] ACPI: bus type USB registered
[    0.228016] usbcore: registered new interface driver usbfs
[    0.228734] usbcore: registered new interface driver hub
[    0.229410] usbcore: registered new device driver usb
[    0.230089] EDAC MC: Ver: 3.0.0
[    0.230089] PCI: Using ACPI for IRQ routing
[    0.232016] NetLabel: Initializing
[    0.232465] NetLabel:  domain hash size = 128
[    0.232999] NetLabel:  protocols = UNLABELED CIPSOv4 CALIPSO
[    0.233681] NetLabel:  unlabeled traffic allowed by default
[    0.234347] clocksource: Switched to clocksource kvm-clock
[    0.237545] VFS: Disk quotas dquot_6.6.0
[    0.238182] VFS: Dquot-cache hash table entries: 512 (order 0, 4096 bytes)
[    0.239214] AppArmor: AppArmor Filesystem Enabled
[    0.239802] pnp: PnP ACPI init
[    0.240104] pnp: PnP ACPI: found 3 devices
[    0.248444] clocksource: acpi_pm: mask: 0xffffff max_cycles: 0xffffff, max_idle_ns: 2085701024 ns
[    0.249555] NET: Registered protocol family 2
[    0.250063] IP idents hash table entries: 32768 (order: 6, 262144 bytes)
[    0.250872] TCP established hash table entries: 16384 (order: 5, 131072 bytes)
[    0.251773] TCP bind hash table entries: 16384 (order: 6, 262144 bytes)
[    0.252793] TCP: Hash tables configured (established 16384 bind 16384)
[    0.253738] UDP hash table entries: 1024 (order: 3, 32768 bytes)
[    0.254462] UDP-Lite hash table entries: 1024 (order: 3, 32768 bytes)
[    0.255172] NET: Registered protocol family 1
[    0.255757] pci 0000:00:00.0: Limiting direct PCI/PCI transfers
[    0.256448] pci 0000:00:01.0: Activating ISA DMA hang workarounds
[    0.256631] pci 0000:00:02.0: Video device with shadowed ROM at [mem 0x000c0000-0x000dffff]
[    0.256631] Unpacking initramfs...
[    0.256631] Freeing initrd memory: 19528K
[    0.256631] clocksource: tsc: mask: 0xffffffffffffffff max_cycles: 0x3407c077a8d, max_idle_ns: 440795342283 ns
[    0.256631] platform rtc_cmos: registered platform RTC device (no PNP device found)
[    0.256631] Scanning for low memory corruption every 60 seconds
[    0.432574] Initialise system trusted keyrings
[    0.433132] Key type blacklist registered
[    0.433637] workingset: timestamp_bits=36 max_order=19 bucket_order=0
[    0.434720] zbud: loaded
[    0.435365] squashfs: version 4.0 (2009/01/31) Phillip Lougher
[    0.436178] fuse init (API version 7.26)
[    0.438013] Key type asymmetric registered
[    0.438479] Asymmetric key parser 'x509' registered
[    0.439060] Block layer SCSI generic (bsg) driver version 0.4 loaded (major 246)
[    0.439919] io scheduler noop registered
[    0.440476] io scheduler deadline registered
[    0.441258] io scheduler cfq registered (default)
[    0.441977] ACPI: AC Adapter [AC] (on-line)
[    0.442500] input: Power Button as /devices/LNXSYSTM:00/LNXPWRBN:00/input/input0
[    0.443469] ACPI: Power Button [PWRF]
[    0.444037] input: Sleep Button as /devices/LNXSYSTM:00/LNXSLPBN:00/input/input1
[    0.444969] ACPI: Sleep Button [SLPF]
[    0.445578] Serial: 8250/16550 driver, 32 ports, IRQ sharing enabled
[    0.466707] 00:02: ttyS0 at I/O 0x3f8 (irq = 4, base_baud = 115200) is a 16550A
[    0.469688] Linux agpgart interface v0.103
[    0.471453] loop: module loaded
[    0.472280] scsi host0: ata_piix
[    0.472871] scsi host1: ata_piix
[    0.473390] ata1: PATA max UDMA/33 cmd 0x1f0 ctl 0x3f6 bmdma 0xd000 irq 14
[    0.474198] ata2: PATA max UDMA/33 cmd 0x170 ctl 0x376 bmdma 0xd008 irq 15
[    0.474949] tun: Universal TUN/TAP device driver, 1.6
[    0.475786] PPP generic driver version 2.4.2
[    0.476572] ehci_hcd: USB 2.0 'Enhanced' Host Controller (EHCI) Driver
[    0.477283] ehci-pci: EHCI PCI platform driver
[    0.477810] ehci-platform: EHCI generic platform driver
[    0.478320] ohci_hcd: USB 1.1 'Open' Host Controller (OHCI) Driver
[    0.479013] ohci-pci: OHCI PCI platform driver
[    0.479478] ohci-platform: OHCI generic platform driver
[    0.480013] uhci_hcd: USB Universal Host Controller Interface driver
[    0.481610] i8042: PNP: PS/2 Controller [PNP0303:PS2K,PNP0f03:PS2M] at 0x60,0x64 irq 1,12
[    0.485140] serio: i8042 KBD port at 0x60,0x64 irq 1
[    0.486120] serio: i8042 AUX port at 0x60,0x64 irq 12
[    0.487173] mousedev: PS/2 mouse device common for all mice
[    0.488559] rtc_cmos rtc_cmos: rtc core: registered rtc_cmos as rtc0
[    0.489353] input: AT Translated Set 2 keyboard as /devices/platform/i8042/serio0/input/input2
[    0.490460] rtc_cmos rtc_cmos: alarms up to one day, 114 bytes nvram
[    0.491295] i2c /dev entries driver
[    0.491831] device-mapper: uevent: version 1.0.3
[    0.492565] device-mapper: ioctl: 4.37.0-ioctl (2017-09-20) initialised: dm-devel@redhat.com
[    0.493723] ledtrig-cpu: registered to indicate activity on CPUs
[    0.494719] NET: Registered protocol family 10
[    0.502134] Segment Routing with IPv6
[    0.502685] NET: Registered protocol family 17
[    0.503340] Key type dns_resolver registered
[    0.504081] mce: Using 0 MCE banks
[    0.504555] RAS: Correctable Errors collector initialized.
[    0.505178] sched_clock: Marking stable (504545691, 0)->(618905850, -114360159)
[    0.506647] registered taskstats version 1
[    0.507175] Loading compiled-in X.509 certificates
[    0.511912] Loaded X.509 cert 'Build time autogenerated kernel key: b5b26778eaa3ab3a4a6cee031137706e947d12ad'
[    0.514431] Loaded X.509 cert 'Canonical Ltd. Live Patch Signing: 14df34d1a87cf37625abec039ef2bf521249b969'
[    0.517035] Loaded X.509 cert 'Canonical Ltd. Kernel Module Signing: 88f752e560a1e0737e31163a466ad7b70a850c19'
[    0.518851] blacklist: Loading compiled-in revocation X.509 certificates
[    0.519964] Loaded X.509 cert 'Canonical Ltd. Secure Boot Signing: 61482aa2830d0ab2ad5af10b7250da9033ddcef0'
[    0.521398] Loaded X.509 cert 'Canonical Ltd. Secure Boot Signing (2017): 242ade75ac4a15e50d50c84b0d45ff3eae707a03'
[    0.522807] Loaded X.509 cert 'Canonical Ltd. Secure Boot Signing (ESM 2018): 365188c1d374d6b07c3c8f240f8ef722433d6a8b'
[    0.524188] Loaded X.509 cert 'Canonical Ltd. Secure Boot Signing (2019): c0746fd6c5da3ae827864651ad66ae47fe24b3e8'
[    0.525471] Loaded X.509 cert 'Canonical Ltd. Secure Boot Signing (2021 v1): a8d54bbb3825cfb94fa13c9f8a594a195c107b8d'
[    0.526831] Loaded X.509 cert 'Canonical Ltd. Secure Boot Signing (2021 v2): 4cf046892d6fd3c9a5b03f98d845f90851dc6a8c'
[    0.528240] Loaded X.509 cert 'Canonical Ltd. Secure Boot Signing (2021 v3): 100437bb6de6e469b581e61cd66bce3ef4ed53af'
[    0.529628] Loaded X.509 cert 'Canonical Ltd. Secure Boot Signing (Ubuntu Core 2019): c1d57b8f6b743f23ee41f4f7ee292f06eecadfb9'
[    0.530900] zswap: loaded using pool lzo/zbud
[    0.535569] Key type big_key registered
[    0.536186] Key type trusted registered
[    0.538774] Key type encrypted registered
[    0.539336] AppArmor: AppArmor sha1 policy hashing enabled
[    0.540028] ima: No TPM chip found, activating TPM-bypass! (rc=-19)
[    0.540790] ima: Allocated hash algorithm: sha1
[    0.541340] evm: HMAC attrs: 0x1
[    0.541867]   Magic number: 9:64:46
[    0.542490] rtc_cmos rtc_cmos: setting system clock to 2025-05-25 21:01:39 UTC (1748206899)
[    0.543661] BIOS EDD facility v0.16 2004-Jun-25, 0 devices found
[    0.544470] EDD information not available.
[    0.684322] Freeing unused kernel image memory: 2480K
[    0.916335] Write protecting the kernel read-only data: 20480k
[    0.922119] Freeing unused kernel image memory: 2008K
[    0.923135] Freeing unused kernel image memory: 1820K
[    0.926585] x86/mm: Checked W+X mappings: passed, no W+X pages found.
[    0.927357] x86/mm: Checking user space page tables
[    0.930614] x86/mm: Checked W+X mappings: passed, no W+X pages found.
Loading, please wait...
starting version 237
[    1.005681] e1000: Intel(R) PRO/1000 Network Driver - version 7.3.21-k8-NAPI
[    1.006435] e1000: Copyright (c) 1999-2006 Intel Corporation.
[    1.010766] Fusion MPT base driver 3.04.20
[    1.011690] Copyright (c) 1999-2008 LSI Corporation
[    1.015702] Fusion MPT SPI Host driver 3.04.20
[    1.022843] AVX2 version of gcm_enc/dec engaged.
[    1.023335] AES CTR mode by8 optimization enabled
[    1.217735] input: ImExPS/2 Generic Explorer Mouse as /devices/platform/i8042/serio1/input/input4
[    1.368788] e1000 0000:00:03.0 eth0: (PCI:33MHz:32-bit) 02:3b:7b:b7:3b:2d
[    1.369749] e1000 0000:00:03.0 eth0: Intel(R) PRO/1000 Network Connection
[    1.371200] mptbase: ioc0: Initiating bringup
[    1.476943] ioc0: LSI53C1030 A0: Capabilities={Initiator}
[    1.723016] scsi host2: ioc0: LSI53C1030 A0, FwRev=00000000h, Ports=1, MaxQ=256, IRQ=20
[    1.897762] scsi 2:0:0:0: Direct-Access     VBOX     HARDDISK         1.0  PQ: 0 ANSI: 5
[    1.932268] scsi target2:0:0: Beginning Domain Validation
[    1.999143] scsi target2:0:0: Domain Validation skipping write tests
[    1.999869] scsi target2:0:0: Ending Domain Validation
[    2.008118] scsi target2:0:0: asynchronous
[    2.012807] scsi 2:0:1:0: Direct-Access     VBOX     HARDDISK         1.0  PQ: 0 ANSI: 5
[    2.240539] scsi target2:0:1: Beginning Domain Validation
[    2.247179] scsi target2:0:1: Domain Validation skipping write tests
[    2.247935] scsi target2:0:1: Ending Domain Validation
[    2.248471] scsi target2:0:1: asynchronous
[    2.251445] sd 2:0:0:0: Attached scsi generic sg0 type 0
[    2.252015] sd 2:0:0:0: [sda] 83886080 512-byte logical blocks: (42.9 GB/40.0 GiB)
[    2.252776] sd 2:0:0:0: [sda] Write Protect is off
[    2.253324] sd 2:0:0:0: [sda] Incomplete mode parameter data
[    2.253897] sd 2:0:0:0: [sda] Assuming drive cache: write through
[    2.254023] e1000 0000:00:08.0 eth1: (PCI:33MHz:32-bit) 08:00:27:af:ef:e1
[    2.254552] sd 2:0:1:0: [sdb] 20480 512-byte logical blocks: (10.5 MB/10.0 MiB)
[    2.255072] e1000 0000:00:08.0 eth1: Intel(R) PRO/1000 Network Connection
[    2.255884] sd 2:0:1:0: [sdb] Write Protect is off
[    2.257003] sd 2:0:1:0: Attached scsi generic sg1 type 0
[    2.257080] sd 2:0:1:0: [sdb] Incomplete mode parameter data
[    2.258069] sd 2:0:1:0: [sdb] Assuming drive cache: write through
[    2.259465]  sda: sda1
[    2.260234] sd 2:0:0:0: [sda] Attached SCSI disk
[    2.261552] sd 2:0:1:0: [sdb] Attached SCSI disk
[    2.262495] e1000 0000:00:03.0 enp0s3: renamed from eth0
[    2.288503] e1000 0000:00:08.0 enp0s8: renamed from eth1
Begin: Loading essential drivers ... [    3.660152] raid6: sse2x1   gen() 22248 MB/s
[    3.708142] raid6: sse2x1   xor() 14519 MB/s
[    3.756062] raid6: sse2x2   gen() 30815 MB/s
[    3.804060] raid6: sse2x2   xor() 17771 MB/s
[    3.852152] raid6: sse2x4   gen() 33152 MB/s
[    3.900154] raid6: sse2x4   xor() 15355 MB/s
[    3.948162] raid6: avx2x1   gen() 49140 MB/s
[    3.996087] raid6: avx2x1   xor() 30877 MB/s
[    4.044141] raid6: avx2x2   gen() 50629 MB/s
[    4.092143] raid6: avx2x2   xor() 35030 MB/s
[    4.140145] raid6: avx2x4   gen() 51081 MB/s
[    4.188065] raid6: avx2x4   xor() 16472 MB/s
[    4.188582] raid6: using algorithm avx2x4 gen() 51081 MB/s
[    4.189068] raid6: .... xor() 16472 MB/s, rmw enabled
[    4.189520] raid6: using avx2x2 recovery algorithm
[    4.190497] xor: automatically using best checksumming function   avx       
[    4.191547] async_tx: api initialized (async)
done.
Begin: Running /scripts/init-premount ... done.
Begin: Mounting root file system ... Begin: Running /scripts/local-top ... done.
Begin: Running /scripts/local-premount ... [    4.212812] Btrfs loaded, crc32c=crc32c-intel
Scanning for Btrfs filesystems
done.
Warning: fsck not present, so skipping root file system
[    4.231925] EXT4-fs (sda1): mounted filesystem with ordered data mode. Opts: (null)
done.
Begin: Running /scripts/local-bottom ... done.
Begin: Running /scripts/init-bottom ... done.
[    4.416699] ip_tables: (C) 2000-2006 Netfilter Core Team
[    4.423155] systemd[1]: systemd 237 running in system mode. (+PAM +AUDIT +SELINUX +IMA +APPARMOR +SMACK +SYSVINIT +UTMP +LIBCRYPTSETUP +GCRYPT +GNUTLS +ACL +XZ +LZ4 +SECCOMP +BLKID +ELFUTILS +KMOD -IDN2 +IDN -PCRE2 default-hierarchy=hybrid)
[    4.425367] systemd[1]: Detected virtualization oracle.
[    4.425867] systemd[1]: Detected architecture x86-64.

Welcome to [1mUbuntu 18.04.6 LTS[0m!

[    4.428977] systemd[1]: Set hostname to <ubuntu>.
[    4.430367] systemd[1]: Initializing machine ID from random generator.
[    4.430968] systemd[1]: Installed transient /etc/machine-id file.
[    4.595333] systemd[1]: Created slice System Slice.
[[0;32m  OK  [0m] Created slice System Slice.
[    4.596311] systemd[1]: Listening on Journal Audit Socket.
[[0;32m  OK  [0m] Listening on Journal Audit Socket.
[    4.597124] systemd[1]: Listening on udev Kernel Socket.
[[0;32m  OK  [0m] Listening on udev Kernel Socket.
[    4.597884] systemd[1]: Listening on Syslog Socket.
[[0;32m  OK  [0m] Listening on Syslog Socket.
[[0;32m  OK  [0m] Created slice User and Session Slice.
[[0;32m  OK  [0m] Started Forward Password Requests to Wall Directory Watch.
[[0;32m  OK  [0m] Listening on LVM2 poll daemon socket.
[[0;32m  OK  [0m] Listening on Network Service Netlink Socket.
[[0;32m  OK  [0m] Listening on Journal Socket.
         Mounting Kernel Debug File System...
         Mounting Huge Pages File System...
         Starting Set the console keyboard layout...
         Starting Load Kernel Modules...
[[0;32m  OK  [0m] Reached target User and Group Name Lookups.
[[0;32m  OK  [0m] Listening on LVM2 metadata daemon socket.
[[0;32m  OK  [0m] Listening on Journal Socket (/dev/log).
[[0;32m  OK  [0m] Listening on Device-mapper event daemon FIFOs.
[[0;32m  OK  [0m] Listening on /dev/initctl Compatibility Named Pipe.
         Starting Create list of required st…ce nodes for the current kernel...
[[0;32m  OK  [0m] Created slice system-serial\x2dgetty.slice.
[[0;32m  OK  [0m] Reached target Swap.
         Starting Journal Service...
[[0;32m  OK  [0m] Listening on udev Control Socket.
         Starting udev Coldplug all Devices...
[[0;32m  OK  [0m] Reached target Mounting snaps.
[[0;32m  OK  [0m] Reached target Mounted snaps.
[[0;32m  OK  [0m] Listening on fsck to fsckd communication Socket.
         Starting File System Check on Root Device...
         Starting Uncomplicated firewall...
         Mounting POSIX Message Queue File System...
[[0;32m  OK  [0m] Reached target System Time Synchronized.
         Starting Monitoring of LVM2 mirrors…ng dmeventd or progress polling...
[[0;32m  OK  [0m] Set up automount Arbitrary Executab…rmats File System Automount Point.
[    4.629241] Loading iSCSI transport class v2.0-870.
[    4.632550] iscsi: registered transport (tcp)
[    4.641521] iscsi: registered transport (iser)
[[0;32m  OK  [0m] Reached target Slices.
[[0;32m  OK  [0m] Started Journal Service.
[[0;32m  OK  [0m] Mounted Kernel Debug File System.
[[0;32m  OK  [0m] Mounted Huge Pages File System.
[[0;32m  OK  [0m] Started Load Kernel Modules.
[[0;32m  OK  [0m] Started Create list of required sta…vice nodes for the current kernel.
[[0;32m  OK  [0m] Started Uncomplicated firewall.
[[0;32m  OK  [0m] Mounted POSIX Message Queue File System.
[[0;32m  OK  [0m] Started File System Check Daemon to report status.
         Starting Create Static Device Nodes in /dev...
         Mounting FUSE Control File System...
         Mounting Kernel Configuration File System...
         Starting Apply Kernel Variables...
[[0;32m  OK  [0m] Mounted FUSE Control File System.
[[0;32m  OK  [0m] Mounted Kernel Configuration File System.
[[0;32m  OK  [0m] Started udev Coldplug all Devices.
[[0;32m  OK  [0m] Started Create Static Device Nodes in /dev.
[[0;32m  OK  [0m] Started File System Check on Root Device.
         Starting Remount Root and Kernel File Systems...
[[0;32m  OK  [0m] Started LVM2 metadata daemon.
[[0;32m  OK  [0m] Started Apply Kernel Variables.
[[0;32m  OK  [0m] Started Remount Root and Kernel File Systems.
         Starting Flush Journal to Persistent Storage...
         Starting udev Kernel Device Manager...
         Starting Load/Save Random Seed...
[[0;32m  OK  [0m] Started Monitoring of LVM2 mirrors,…sing dmeventd or progress polling.
[[0;32m  OK  [0m] Started Load/Save Random Seed.
[[0;32m  OK  [0m] Started udev Kernel Device Manager.
[[0;32m  OK  [0m] Started Flush Journal to Persistent Storage.
[[0;32m  OK  [0m] Found device /dev/ttyS0.
[[0;32m  OK  [0m] Listening on Load/Save RF Kill Switch Status /dev/rfkill Watch.
         Mounting Arbitrary Executable File Formats File System...
[[0;32m  OK  [0m] Mounted Arbitrary Executable File Formats File System.
[[0;32m  OK  [0m] Started Set the console keyboard layout.
[[0;32m  OK  [0m] Reached target Local File Systems (Pre).
[[0;32m  OK  [0m] Reached target Local File Systems.
         Starting Tell Plymouth To Write Out Runtime Data...
         Starting AppArmor initialization...
         Starting Create Volatile Files and Directories...
         Starting Set console font and keymap...
         Starting ebtables ruleset management...
         Starting Commit a transient machine-id on disk...
[[0;32m  OK  [0m] Started Dispatch Password Requests to Console Directory Watch.
[[0;32m  OK  [0m] Reached target Local Encrypted Volumes.
[[0;32m  OK  [0m] Started Tell Plymouth To Write Out Runtime Data.
[[0;32m  OK  [0m] Started Create Volatile Files and Directories.
         Starting Update UTMP about System Boot/Shutdown...
[[0;32m  OK  [0m] Started Update UTMP about System Boot/Shutdown.
[[0;32m  OK  [0m] Started ebtables ruleset management.
[[0;32m  OK  [0m] Started Commit a transient machine-id on disk.
[[0;32m  OK  [0m] Started AppArmor initialization.
         Starting Load AppArmor profiles managed internally by snapd...
         Starting Initial cloud-init job (pre-networking)...
[[0;32m  OK  [0m] Started Load AppArmor profiles managed internally by snapd.
[[0;32m  OK  [0m] Started Set console font and keymap.
[    6.550949] cloud-init[739]: Cloud-init v. 23.1.2-0ubuntu0~18.04.1 running 'init-local' at Sun, 25 May 2025 21:01:45 +0000. Up 6.38 seconds.
[[0;32m  OK  [0m] Started Initial cloud-init job (pre-networking).
[[0;32m  OK  [0m] Reached target Network (Pre).
         Starting Network Service...
[[0;32m  OK  [0m] Started Network Service.
         Starting Network Name Resolution...
         Starting Wait for Network to be Configured...
[[0;32m  OK  [0m] Started Network Name Resolution.
[[0;32m  OK  [0m] Reached target Host and Network Name Lookups.
[[0;32m  OK  [0m] Reached target Network.
[[0;32m  OK  [0m] Started Wait for Network to be Configured.
         Starting Initial cloud-init job (metadata service crawler)...
[    8.663793] cloud-init[1048]: Cloud-init v. 23.1.2-0ubuntu0~18.04.1 running 'init' at Sun, 25 May 2025 21:01:47 +0000. Up 8.59 seconds.
[    8.665391] cloud-init[1048]: ci-info: ++++++++++++++++++++++++++++++++++++++Net device info+++++++++++++++++++++++++++++++++++++++
[    8.666171] cloud-init[1048]: ci-info: +--------+-------+----------------------------+---------------+--------+-------------------+
[    8.676115] cloud-init[1048]: ci-info: | Device |   Up  |          Address           |      Mask     | Scope  |     Hw-Address    |
[    8.676793] cloud-init[1048]: ci-info: +--------+-------+----------------------------+---------------+--------+-------------------+
[    8.677316] cloud-init[1048]: ci-info: | enp0s3 |  True |         10.0.2.15          | 255.255.255.0 | global | 02:3b:7b:b7:3b:2d |
[    8.677842] cloud-init[1048]: ci-info: | enp0s3 |  True | fe80::3b:7bff:feb7:3b2d/64 |       .       |  link  | 02:3b:7b:b7:3b:2d |
[    8.688148] cloud-init[1048]: ci-info: | enp0s8 | False |             .              |       .       |   .    | 08:00:27:af:ef:e1 |
[    8.688685] cloud-init[1048]: ci-info: |   lo   |  True |         127.0.0.1          |   255.0.0.0   |  host  |         .         |
[    8.689340] cloud-init[1048]: ci-info: |   lo   |  True |          ::1/128           |       .       |  host  |         .         |
[    8.689804] cloud-init[1048]: ci-info: +--------+-------+----------------------------+---------------+--------+-------------------+
[    8.690368] cloud-init[1048]: ci-info: ++++++++++++++++++++++++++++Route IPv4 info+++++++++++++++++++++++++++++
[    8.690807] cloud-init[1048]: ci-info: +-------+-------------+----------+-----------------+-----------+-------+
[    8.700289] cloud-init[1048]: ci-info: | Route | Destination | Gateway  |     Genmask     | Interface | Flags |
[    8.700804] cloud-init[1048]: ci-info: +-------+-------------+----------+-----------------+-----------+-------+
[    8.701362] cloud-init[1048]: ci-info: |   0   |   0.0.0.0   | 10.0.2.2 |     0.0.0.0     |   enp0s3  |   UG  |
[    8.701797] cloud-init[1048]: ci-info: |   1   |   10.0.2.0  | 0.0.0.0  |  255.255.255.0  |   enp0s3  |   U   |
[    8.702281] cloud-init[1048]: ci-info: |   2   |   10.0.2.2  | 0.0.0.0  | 255.255.255.255 |   enp0s3  |   UH  |
[    8.702647] cloud-init[1048]: ci-info: +-------+-------------+----------+-----------------+-----------+-------+
[    8.703035] cloud-init[1048]: ci-info: +++++++++++++++++++Route IPv6 info+++++++++++++++++++
[    8.712141] cloud-init[1048]: ci-info: +-------+-------------+---------+-----------+-------+
[    8.712650] cloud-init[1048]: ci-info: | Route | Destination | Gateway | Interface | Flags |
[    8.713016] cloud-init[1048]: ci-info: +-------+-------------+---------+-----------+-------+
[    8.724181] cloud-init[1048]: ci-info: |   1   |  fe80::/64  |    ::   |   enp0s3  |   U   |
[    8.724700] cloud-init[1048]: ci-info: |   3   |    local    |    ::   |   enp0s3  |   U   |
[    8.725139] cloud-init[1048]: ci-info: |   4   |   ff00::/8  |    ::   |   enp0s3  |   U   |
[    8.725677] cloud-init[1048]: ci-info: +-------+-------------+---------+-----------+-------+
[    9.533531] cloud-init[1048]: Generating public/private rsa key pair.
[    9.533915] cloud-init[1048]: Your identification has been saved in /etc/ssh/ssh_host_rsa_key.
[    9.556797] cloud-init[1048]: Your public key has been saved in /etc/ssh/ssh_host_rsa_key.pub.
[    9.557532] cloud-init[1048]: The key fingerprint is:
[    9.557941] cloud-init[1048]: SHA256:fgavIon6OwDOP225deh6W4fyasfUm3jDcyvXSIMWSAU root@ubuntu-bionic
[    9.558460] cloud-init[1048]: The key's randomart image is:
[    9.558925] cloud-init[1048]: +---[RSA 2048]----+
[    9.559308] cloud-init[1048]: |         Eo.     |
[[0;32m  OK  [0m] Started Initial cloud-init job (metadata service crawler).
[    9.568896] [cloud-init[0;32m  OK  [0m] Reached target Cloud-config availability.
[1048]: |         .       |
[[0;32m  OK  [0m] Reached target Network is Online.
[    9.570054] cloud-init[1048]: |        . .      |
         Starting Availability of block devices...
[[0;32m  OK  [0m] Reached target Remote File Systems (Pre).
[[0;32m  OK  [0m] Reached target Remote File Systems.
[[0;32m  OK  [0m] Reached target System Initialization.
[[0;32m  OK  [0m] Started Discard unused blocks once a week.
[[0;32m  OK  [0m] Started Message of the Day.
[[0;32m  OK  [0m] Started Daily apt download activities.
[[0;32m  OK  [0m] Started Daily apt upgrade and clean activities.
[[0;32m  OK  [0m] Listening on ACPID Listen Socket.
[[0;32m  OK  [0m] Started Ubuntu Advantage Timer for running repeated jobs.
[    9.570720] cloud-init[1048]: |.        . .     |
[    9.575396] cloud-init[1048]: |+       S . o    |
[    9.575662] cloud-init[1048]: |.o     ..+.+ o   |
[    9.575895] cloud-init[1048]: | ......+++B.+ +  |
[[0;32m  OK  [0m] Started ACPI Events Check.
[[0;32m  OK  [0m] Reached target Paths.
[[0;32m  OK  [0m] Listening on D-Bus System Message Bus Socket.
         Starting Socket activation for snappy daemon.
[[0;32m  OK  [0m] Started Daily Cleanup of Temporary Directories.
[[0;32m  OK  [0m] Reached target Timers.
[[0;32m  OK  [0m] Listening on cloud-init hotplug hook socket.
[    9.590741] cloud-init[1048]: |  ooo++o=B.O + . |
         Starting LXD - unix socket.
[[0;32m  OK  [0m] Listening on UUID daemon activation socket.
[[0;32m  OK  [0m] Listening on Open-iSCSI iscsid Socket.
[[0;32m  OK  [0m] Started Availability of block devices.
[[0;32m  OK  [0m] Listening on Socket activation for snappy daemon.
[[0;32m  OK  [0m] Listening on LXD - unix socket.
[[0;32m  OK  [0m] Reached target Sockets.
[[0;32m  OK  [0m] Reached target Basic System.
[[0;32m  OK  [0m] Started D-Bus System Message Bus.
[    9.611490] cloud-init[1048]: |.oooo+===.. *..  |
[    9.631043] cloud-init[1048]: +----[SHA256]-----+
[    9.631343] cloud-init[1048]: Generating public/private dsa key pair.
[    9.631684] cloud-init[1048]: Your identification has been saved in /etc/ssh/ssh_host_dsa_key.
[    9.632158] cloud-init[1048]: Your public key has been saved in /etc/ssh/ssh_host_dsa_key.pub.
[    9.644346] cloud-init[1048]: The key fingerprint is:
[    9.644640] cloud-init[1048]: SHA256:xlCBTF+FkSESdQTiVi1eIE3/MjBsNPim4Czn3jAQ+4Y root@ubuntu-bionic
[    9.645007] cloud-init[1048]: The key's randomart image is:
[    9.645350] cloud-init[1048]: +---[DSA 1024]----+
[    9.645650] cloud-init[1048]: |     o*B%***.    |
[    9.645937] cloud-init[1048]: |     .+Xo*=      |
[    9.646213] cloud-init[1048]: |  .   +o*o.      |
[    9.646473] cloud-init[1048]: |   o.. ++o .     |
[    9.646747] cloud-init[1048]: |  oo . oS o .    |
[    9.647017] cloud-init[1048]: |  .++ ..   o     |
[    9.647282] cloud-init[1048]: |  E+=            |
[    9.647560] cloud-init[1048]: |   ..+           |
[    9.647831] cloud-init[1048]: |   .. .          |
[    9.648124] cloud-init[1048]: +----[SHA256]-----+
[    9.648395] cloud-init[1048]: Generating public/private ecdsa key pair.
[    9.648728] cloud-init[1048]: Your identification has been saved in /etc/ssh/ssh_host_ecdsa_key.
[    9.649130] cloud-init[1048]: Your public key has been saved in /etc/ssh/ssh_host_ecdsa_key.pub.
[    9.649786] cloud-init[1048]: The key fingerprint is:
[    9.650086] cloud-init[1048]: SHA256:7SOwDi9ziObHKuqKVG/Ds5HXpeJW7dBmmKkzZ+YeSRA root@ubuntu-bionic
         Starting Permit User Sessions...
         Starting Virtualbox guest utils...
[    9.652250] cloud-init[1048]: The key's randomart image is:
[    9.653299] cloud-init[1048]: +---[ECDSA 256]---+
[    9.653601] cloud-init         Starting Pollinate to seed the pseudo random number generator...
         Starting Login Service...
         Starting LXD - container startup/shutdown...
[[0;32m  OK  [0m] Reached target Login Prompts (Pre).
[1048]: |       E         |[[0;32m  OK  [0m] Started Deferred execution scheduler.
[[0;32m  OK  [0m] Started irqbalance daemon.
[[0;32m  OK  [0m] Started FUSE filesystem for LXC.
         Starting Dispatcher daemon for systemd-networkd...
[[0;32m  OK  [0m] Started Regular background program processing daemon.
         Starting System Logging Service...

         Starting LSB: automatic crash report generation...
[    9.661415]          Starting Accounts Service...
cloud-init[1048]: |        .        |
         Starting LSB: Record successful boot for GRUB...
         Starting Snap Daemon...
[    9.664148] cloud-init[1048]: |       .         |[[0;32m  OK  [0m] Started Permit User Sessions.
         Starting Hold until boot process finishes up...
         Starting Terminate Plymouth Boot Screen...
[[0;32m  OK  [0m] Started Hold until boot process finishes up.
         Starting Set console scheme...
[[0;32m  OK  [0m] Started Serial Getty on ttyS0.

[    9.671315] cloud-init[1048]: |        ..       |
[    9.671590] cloud-init[1048]: |   .  . S.B.     |
[    9.671890] cloud-init[1048]: |  . o .ooB+=     |
[    9.672818] cloud-init[1048]: | . o.X.o+=B      |
[    9.673110] cloud-init[1048]: |+ o B+O=.=.o     |
[    9.673495] cloud-init[1048]: |B=oo =+.Oo       |
[    9.673766] cloud-init[1048]: +----[SHA256]-----+
[    9.674037] cloud-init[1048]: Generating public/private ed25519 key pair.
[    9.674363] cloud-init[1048]: Your identification has been saved in /etc/ssh/ssh_host_ed25519_key.
[    9.674759] cloud-init[1048]: Your public key has been saved in /etc/ssh/ssh_host_ed25519_key.pub.
[[0;32m  OK  [0m] Started Terminate Plymouth Boot Screen.
[    9.690918] cloud-init[1048]: The key fingerprint is:
[    9.692475] cloud-init[1048]: SHA256:VfTxQbrq0yr6P6yH2InGdee+KUcWE195N75mfVT2ZLc root@ubuntu-bionic
[    9.704455] cloud-init[1048]: The key's randomart image is:
[    9.716159] cloud-init[1048]: +--[ED25519 256]--+
[    9.716845] cloud-init[1048]: |           .o oo.|
[    9.717079] cloud-init[1048]: |           . o.=@|
[    9.717374] cloud-init[1048]: |          .  .=+@|
[    9.717666] cloud-init[1048]: |         .   o.Eo|
[    9.718799] cloud-init[1048]: |        S    .o.o|
[    9.719080] cloud-init[1048]: |         . ..+ +o|
[    9.719500] cloud-init[1048]: |      . = =.* o .|
[    9.719910] cloud-init[1048]: |       = =.* +.  |
[    9.720540] cloud-init[1048]: |      ..oo=+B+.  |
[    9.720936] cloud-init[1048]: +----[SHA256]-----+
[[0;32m  OK  [0m] Started System Logging Service.
[[0;32m  OK  [0m] Started LSB: automatic crash report generation.
[[0;32m  OK  [0m] Started Login Service.
[[0;32m  OK  [0m] Started Unattended Upgrades Shutdown.
[[0;32m  OK  [0m] Started Set console scheme.
[[0;32m  OK  [0m] Created slice system-getty.slice.
[[0;32m  OK  [0m] Started Getty on tty1.
[[0;32m  OK  [0m] Reached target Login Prompts.
         Starting Authorization Manager...
[[0;32m  OK  [0m] Started Authorization Manager.
[[0;32m  OK  [0m] Started Accounts Service.
[[0;32m  OK  [0m] Started LSB: Record successful boot for GRUB.
[[0;32m  OK  [0m] Started Virtualbox guest utils.
[[0;32m  OK  [0m] Started LXD - container startup/shutdown.
[[0;32m  OK  [0m] Started Dispatcher daemon for systemd-networkd.
[[0;32m  OK  [0m] Started Snap Daemon.
         Starting Wait until snapd is fully seeded...
[[0;32m  OK  [0m] Started Pollinate to seed the pseudo random number generator.
         Starting OpenBSD Secure Shell server...
[[0;32m  OK  [0m] Started OpenBSD Secure Shell server.
         Starting Time & Date Service...
[[0;32m  OK  [0m] Started Time & Date Service.
[[0;32m  OK  [0m] Started Wait until snapd is fully seeded.
         Starting Apply the settings specified in cloud-config...
[   11.507467] cloud-init[1596]: Cloud-init v. 23.1.2-0ubuntu0~18.04.1 running 'modules:config' at Sun, 25 May 2025 21:01:50 +0000. Up 11.32 seconds.
[[0;32m  OK  [0m] Started Apply the settings specified in cloud-config.
[[0;32m  OK  [0m] Reached target Multi-User System.
         Starting Execute cloud user/final scripts...
[[0;32m  OK  [0m] Reached target Graphical Interface.
         Starting Update UTMP about System Runlevel Changes...
[[0;32m  OK  [0m] Started Update UTMP about System Runlevel Changes.
ci-info: no authorized SSH keys fingerprints found for user ubuntu.
<14>May 25 21:01:50 cloud-init: #############################################################
<14>May 25 21:01:50 cloud-init: -----BEGIN SSH HOST KEY FINGERPRINTS-----
<14>May 25 21:01:50 cloud-init: 1024 SHA256:xlCBTF+FkSESdQTiVi1eIE3/MjBsNPim4Czn3jAQ+4Y root@ubuntu-bionic (DSA)
<14>May 25 21:01:50 cloud-init: 256 SHA256:7SOwDi9ziObHKuqKVG/Ds5HXpeJW7dBmmKkzZ+YeSRA root@ubuntu-bionic (ECDSA)
<14>May 25 21:01:50 cloud-init: 256 SHA256:VfTxQbrq0yr6P6yH2InGdee+KUcWE195N75mfVT2ZLc root@ubuntu-bionic (ED25519)
<14>May 25 21:01:50 cloud-init: 2048 SHA256:fgavIon6OwDOP225deh6W4fyasfUm3jDcyvXSIMWSAU root@ubuntu-bionic (RSA)
<14>May 25 21:01:50 cloud-init: -----END SSH HOST KEY FINGERPRINTS-----
<14>May 25 21:01:50 cloud-init: #############################################################
-----BEGIN SSH HOST KEY KEYS-----
ecdsa-sha2-nistp256 AAAAE2VjZHNhLXNoYTItbmlzdHAyNTYAAAAIbmlzdHAyNTYAAABBBCs+Fff/vhp8tIydCCJC0xZ4DjA52X2Zh1G1d3ZYte4qwJv0K+Ubcv7hsS9pak69Qh3A7r6SAwlfpr/22394aHw= root@ubuntu-bionic
ssh-ed25519 AAAAC3NzaC1lZDI1NTE5AAAAIEsrOmIAFUE+TiAJ4hBPUpOWkwCTv544RijYMnK/o5av root@ubuntu-bionic
ssh-rsa AAAAB3NzaC1yc2EAAAADAQABAAABAQCU1SQN4+gqwCJ1ep1jjPVxCKzKZsYdLIibm+sbeKARiyYtVdI85Z9CrYqBB49Cn18In7zbRvwEOQ/wEwoWiNzsIjIT9tyJKuIZj1mZoKQNPKP+vwJPB6tGJiAaiTPKN4nVG20ZwwOU5ZZ0S3k9lsBwLw2Du8dgEt/bcQvIM3qucdVSGytSPjVWzkyCEMyrozsTanXCbhJiSMFST21iBWddARLyyxBcwf4tXikcxYF/OJ586cKFZjGGCHifIo3xSMWD14f19lzGvxYkRTzAV0J3KSS8OqwzBROiNewZjWUqvotRQbbThF0OOubnQhZpfYO71lA2UxDDAb5EVFx7CMJf root@ubuntu-bionic
-----END SSH HOST KEY KEYS-----
[   11.817890] cloud-init[1640]: Cloud-init v. 23.1.2-0ubuntu0~18.04.1 running 'modules:final' at Sun, 25 May 2025 21:01:50 +0000. Up 11.73 seconds.
[   11.818618] cloud-init[1640]: Cloud-init v. 23.1.2-0ubuntu0~18.04.1 finished at Sun, 25 May 2025 21:01:50 +0000. Datasource DataSourceNoCloud [seed=/dev/sdb][dsmode=net].  Up 11.81 seconds
[[0;32m  OK  [0m] Started Execute cloud user/final scripts.
[[0;32m  OK  [0m] Reached target Cloud-init target.

Ubuntu 18.04.6 LTS ubuntu-bionic ttyS0

ubuntu-bionic login: 